TN:
SF:src\index.ts
FN:24,(anonymous_6)
FN:26,(anonymous_7)
FN:37,(anonymous_8)
FN:41,(anonymous_9)
FN:49,(anonymous_10)
FN:51,(anonymous_11)
FN:56,(anonymous_12)
FN:69,(anonymous_13)
FN:70,(anonymous_14)
FN:90,(anonymous_15)
FN:91,(anonymous_16)
FN:95,(anonymous_17)
FN:118,(anonymous_18)
FN:139,(anonymous_19)
FN:147,(anonymous_20)
FN:352,(anonymous_21)
FN:353,(anonymous_22)
FN:153,(anonymous_23)
FN:170,(anonymous_24)
FN:174,(anonymous_25)
FN:182,(anonymous_26)
FN:187,(anonymous_27)
FN:191,(anonymous_28)
FN:208,(anonymous_29)
FN:209,(anonymous_30)
FN:217,(anonymous_31)
FN:218,(anonymous_32)
FN:219,(anonymous_33)
FN:228,(anonymous_34)
FN:250,(anonymous_35)
FN:265,(anonymous_36)
FN:303,(anonymous_37)
FN:309,(anonymous_38)
FN:313,(anonymous_39)
FN:317,(anonymous_40)
FN:347,(anonymous_41)
FN:356,(anonymous_42)
FN:361,(anonymous_43)
FN:371,(anonymous_44)
FN:386,(anonymous_45)
FN:395,(anonymous_46)
FN:401,(anonymous_47)
FN:406,(anonymous_48)
FN:415,(anonymous_49)
FN:416,(anonymous_50)
FN:417,(anonymous_51)
FN:429,(anonymous_52)
FNF:47
FNH:47
FNDA:1,(anonymous_6)
FNDA:28,(anonymous_7)
FNDA:27,(anonymous_8)
FNDA:26,(anonymous_9)
FNDA:7,(anonymous_10)
FNDA:7,(anonymous_11)
FNDA:15,(anonymous_12)
FNDA:16,(anonymous_13)
FNDA:16,(anonymous_14)
FNDA:5,(anonymous_15)
FNDA:9,(anonymous_16)
FNDA:23,(anonymous_17)
FNDA:17,(anonymous_18)
FNDA:15,(anonymous_19)
FNDA:13,(anonymous_20)
FNDA:8,(anonymous_21)
FNDA:644,(anonymous_22)
FNDA:26,(anonymous_23)
FNDA:12,(anonymous_24)
FNDA:13,(anonymous_25)
FNDA:13,(anonymous_26)
FNDA:26,(anonymous_27)
FNDA:5,(anonymous_28)
FNDA:4,(anonymous_29)
FNDA:8,(anonymous_30)
FNDA:26,(anonymous_31)
FNDA:13,(anonymous_32)
FNDA:9,(anonymous_33)
FNDA:9,(anonymous_34)
FNDA:14,(anonymous_35)
FNDA:26,(anonymous_36)
FNDA:15,(anonymous_37)
FNDA:6,(anonymous_38)
FNDA:103,(anonymous_39)
FNDA:15,(anonymous_40)
FNDA:648,(anonymous_41)
FNDA:4,(anonymous_42)
FNDA:13,(anonymous_43)
FNDA:63,(anonymous_44)
FNDA:102,(anonymous_45)
FNDA:99,(anonymous_46)
FNDA:18,(anonymous_47)
FNDA:28,(anonymous_48)
FNDA:10,(anonymous_49)
FNDA:28,(anonymous_50)
FNDA:82,(anonymous_51)
FNDA:14,(anonymous_52)
DA:1,14
DA:2,14
DA:3,14
DA:10,14
DA:13,14
DA:21,14
DA:22,14
DA:24,15
DA:26,14
DA:27,28
DA:31,2
DA:34,26
DA:37,14
DA:38,27
DA:41,14
DA:42,26
DA:43,1
DA:46,25
DA:49,14
DA:51,14
DA:53,14
DA:54,14
DA:56,14
DA:69,16
DA:70,16
DA:71,15
DA:72,1
DA:75,14
DA:76,14
DA:77,3
DA:79,14
DA:80,1
DA:83,13
DA:85,13
DA:86,0
DA:89,13
DA:90,1
DA:91,9
DA:95,13
DA:96,23
DA:99,13
DA:112,13
DA:113,1
DA:115,13
DA:118,14
DA:119,17
DA:124,17
DA:125,17
DA:126,17
DA:131,17
DA:132,17
DA:135,0
DA:138,14
DA:140,15
DA:143,13
DA:144,13
DA:147,13
DA:148,13
DA:151,13
DA:154,26
DA:155,26
DA:156,26
DA:157,3
DA:158,3
DA:164,3
DA:167,26
DA:171,12
DA:175,13
DA:176,13
DA:177,13
DA:178,1
DA:183,13
DA:187,13
DA:188,26
DA:190,13
DA:191,13
DA:192,5
DA:197,4
DA:199,4
DA:200,4
DA:201,4
DA:202,1
DA:204,4
DA:208,13
DA:209,4
DA:210,8
DA:211,8
DA:212,8
DA:216,13
DA:217,26
DA:219,13
DA:220,9
DA:221,4
DA:226,13
DA:229,9
DA:230,9
DA:232,9
DA:238,13
DA:239,9
DA:242,13
DA:244,13
DA:248,13
DA:251,14
DA:252,14
DA:253,14
DA:262,13
DA:264,13
DA:266,26
DA:268,26
DA:276,13
DA:282,13
DA:283,13
DA:294,13
DA:303,13
DA:304,15
DA:305,15
DA:310,6
DA:314,103
DA:328,15
DA:348,648
DA:351,13
DA:352,8
DA:353,644
DA:357,4
DA:358,4
DA:362,13
DA:365,4
DA:366,1
DA:368,4
DA:376,63
DA:377,63
DA:378,24
DA:380,63
DA:383,63
DA:390,102
DA:391,14
DA:392,14
DA:393,14
DA:395,102
DA:396,99
DA:398,102
DA:404,18
DA:410,28
DA:415,10
DA:417,82
DA:420,18
DA:426,18
DA:427,5
DA:428,5
DA:429,14
DA:435,5
DA:438,13
DA:440,13
DA:442,13
DA:444,13
DA:450,13
DA:452,13
DA:453,13
DA:455,0
DA:456,0
DA:458,0
DA:460,13
DA:463,13
DA:464,2
DA:467,11
DA:468,8
DA:473,8
DA:480,3
DA:481,3
LF:169
LH:164
BRDA:27,0,0,2
BRDA:28,1,0,28
BRDA:28,1,1,28
BRDA:42,2,0,1
BRDA:42,3,0,26
BRDA:42,3,1,16
BRDA:57,4,0,3
BRDA:58,5,0,3
BRDA:59,6,0,6
BRDA:60,7,0,6
BRDA:63,8,0,15
BRDA:65,9,0,14
BRDA:66,10,0,5
BRDA:67,11,0,14
BRDA:71,12,0,1
BRDA:76,13,0,3
BRDA:79,14,0,1
BRDA:85,15,0,0
BRDA:89,16,0,1
BRDA:96,17,0,5
BRDA:96,17,1,18
BRDA:112,18,0,1
BRDA:124,19,0,17
BRDA:131,20,0,17
BRDA:139,21,0,1
BRDA:156,22,0,3
BRDA:177,23,0,1
BRDA:192,24,0,4
BRDA:193,25,0,5
BRDA:193,25,1,4
BRDA:193,25,2,4
BRDA:220,26,0,4
BRDA:229,27,0,9
BRDA:238,28,0,9
BRDA:279,29,0,13
BRDA:279,29,1,0
BRDA:282,30,0,13
BRDA:365,31,0,1
BRDA:376,32,0,63
BRDA:377,33,0,24
BRDA:388,34,0,3
BRDA:390,35,0,14
BRDA:426,36,0,5
BRDA:455,37,0,0
BRDA:463,38,0,2
BRDA:467,39,0,8
BRDA:467,39,1,3
BRF:47
BRH:44
end_of_record
TN:
SF:src\types.ts
FNF:0
FNH:0
DA:5,4
LF:1
LH:1
BRF:0
BRH:0
end_of_record
TN:
SF:src\cli\index.ts
FN:11,cli
FNF:1
FNH:1
FNDA:4,cli
DA:1,4
DA:2,4
DA:8,4
DA:9,4
DA:11,4
DA:12,4
DA:50,4
DA:51,4
DA:52,1
DA:53,1
DA:56,3
LF:11
LH:11
BRDA:51,0,0,1
BRF:1
BRH:1
end_of_record
TN:
SF:src\formatter\DefaultI18nFormatter.ts
FN:25,(anonymous_1)
FN:32,(anonymous_2)
FN:63,(anonymous_3)
FN:71,(anonymous_4)
FN:111,(anonymous_5)
FN:163,(anonymous_6)
FN:217,(anonymous_7)
FN:220,(anonymous_8)
FN:226,(anonymous_9)
FN:234,(anonymous_10)
FN:243,(anonymous_11)
FN:247,(anonymous_12)
FN:254,(anonymous_13)
FN:258,(anonymous_14)
FNF:14
FNH:14
FNDA:13,(anonymous_1)
FNDA:26,(anonymous_2)
FNDA:29,(anonymous_3)
FNDA:69,(anonymous_4)
FNDA:107,(anonymous_5)
FNDA:46,(anonymous_6)
FNDA:47,(anonymous_7)
FNDA:448,(anonymous_8)
FNDA:13,(anonymous_9)
FNDA:78,(anonymous_10)
FNDA:57,(anonymous_11)
FNDA:362,(anonymous_12)
FNDA:17,(anonymous_13)
FNDA:359,(anonymous_14)
DA:1,14
DA:15,14
DA:16,14
DA:21,14
DA:22,14
DA:24,14
DA:29,13
DA:37,26
DA:38,26
DA:39,14
DA:40,14
DA:41,0
DA:43,14
DA:44,14
DA:46,12
DA:47,12
DA:54,12
DA:68,29
DA:76,69
DA:82,69
DA:86,69
DA:93,69
DA:98,69
DA:99,69
DA:102,69
DA:116,107
DA:117,50
DA:127,57
DA:131,57
DA:132,6
DA:141,6
DA:144,51
DA:147,51
DA:148,5
DA:160,46
DA:163,46
DA:164,46
DA:178,46
DA:179,1
DA:182,45
DA:183,45
DA:186,45
DA:187,2
DA:195,2
DA:204,43
DA:205,43
DA:216,45
DA:218,47
DA:220,448
DA:223,34
DA:226,11
DA:227,13
DA:228,13
DA:231,11
DA:239,78
DA:242,14
DA:247,57
DA:248,362
DA:254,57
DA:255,17
DA:258,57
DA:259,359
DA:265,57
DA:266,368
DA:267,3
DA:269,365
DA:273,36
DA:279,329
DA:284,15
DA:290,314
DA:292,3
LF:71
LH:70
BRDA:38,0,0,14
BRDA:40,1,0,0
BRDA:43,2,0,0
BRDA:43,2,1,14
BRDA:43,3,0,14
BRDA:43,3,1,14
BRDA:51,4,0,7
BRDA:51,4,1,5
BRDA:86,5,0,67
BRDA:86,5,1,2
BRDA:98,6,0,69
BRDA:116,7,0,50
BRDA:131,8,0,6
BRDA:136,9,0,6
BRDA:136,9,1,0
BRDA:136,10,0,6
BRDA:136,10,1,6
BRDA:136,11,0,0
BRDA:136,11,1,6
BRDA:136,12,0,6
BRDA:136,12,1,6
BRDA:137,13,0,6
BRDA:137,13,1,0
BRDA:137,14,0,6
BRDA:137,14,1,6
BRDA:137,15,0,0
BRDA:137,15,1,6
BRDA:137,16,0,6
BRDA:137,16,1,6
BRDA:147,17,0,5
BRDA:178,18,0,1
BRDA:186,19,0,2
BRDA:186,19,1,43
BRDA:216,20,0,34
BRDA:220,21,0,448
BRDA:220,21,1,34
BRDA:249,22,0,362
BRDA:249,22,1,3
BRDA:250,23,0,0
BRDA:250,23,1,3
BRDA:250,24,0,3
BRDA:250,24,1,3
BRDA:260,25,0,359
BRDA:260,25,1,35
BRDA:261,26,0,0
BRDA:261,26,1,35
BRDA:261,27,0,35
BRDA:261,27,1,35
BRDA:266,28,0,3
BRDA:269,29,0,36
BRDA:270,30,0,365
BRDA:270,30,1,362
BRDA:270,30,2,359
BRDA:275,31,0,36
BRDA:275,31,1,0
BRDA:275,32,0,36
BRDA:275,32,1,36
BRDA:279,33,0,15
BRDA:280,34,0,329
BRDA:280,34,1,17
BRDA:280,34,2,17
BRDA:286,35,0,15
BRDA:286,35,1,0
BRDA:286,36,0,15
BRDA:286,36,1,15
BRDA:286,37,0,0
BRDA:286,37,1,15
BRDA:286,38,0,15
BRDA:286,38,1,15
BRF:69
BRH:58
end_of_record
TN:
SF:src\formatter\I18nFormatter.ts
FN:21,(anonymous_0)
FN:22,(anonymous_1)
FN:43,(anonymous_2)
FN:57,(anonymous_3)
FN:63,(anonymous_4)
FN:112,(anonymous_5)
FN:121,(anonymous_6)
FN:125,(anonymous_7)
FN:136,(anonymous_8)
FN:151,(anonymous_9)
FN:153,(anonymous_10)
FN:157,(anonymous_11)
FN:166,(anonymous_12)
FN:170,(anonymous_13)
FN:173,(anonymous_14)
FN:177,(anonymous_15)
FN:180,(anonymous_16)
FN:192,(anonymous_17)
FN:204,(anonymous_18)
FNF:19
FNH:18
FNDA:13,(anonymous_0)
FNDA:13,(anonymous_1)
FNDA:133,(anonymous_2)
FNDA:133,(anonymous_3)
FNDA:133,(anonymous_4)
FNDA:0,(anonymous_5)
FNDA:127,(anonymous_6)
FNDA:54,(anonymous_7)
FNDA:115,(anonymous_8)
FNDA:26,(anonymous_9)
FNDA:134,(anonymous_10)
FNDA:13,(anonymous_11)
FNDA:13,(anonymous_12)
FNDA:5,(anonymous_13)
FNDA:39,(anonymous_14)
FNDA:331,(anonymous_15)
FNDA:26,(anonymous_16)
FNDA:216,(anonymous_17)
FNDA:13,(anonymous_18)
DA:1,14
DA:21,14
DA:26,13
DA:41,13
DA:44,133
DA:45,133
DA:46,133
DA:47,28
DA:49,105
DA:50,105
DA:54,133
DA:61,133
DA:62,133
DA:63,133
DA:64,133
DA:65,6
DA:67,127
DA:68,99
DA:69,99
DA:72,127
DA:73,127
DA:74,127
DA:79,127
DA:81,133
DA:82,26
DA:83,26
DA:85,107
DA:86,29
DA:87,29
DA:90,78
DA:91,78
DA:113,0
DA:114,0
DA:122,127
DA:123,127
DA:124,42
DA:126,54
DA:127,1
DA:129,53
DA:133,127
DA:142,115
DA:144,115
DA:152,26
DA:153,134
DA:158,13
DA:164,13
DA:167,13
DA:171,5
DA:174,39
DA:178,331
DA:181,26
DA:182,26
DA:193,216
DA:202,13
DA:205,13
LF:55
LH:53
BRDA:46,0,0,28
BRDA:46,0,1,105
BRDA:64,1,0,6
BRDA:67,2,0,99
BRDA:73,3,0,127
BRDA:81,4,0,26
BRDA:85,5,0,29
BRDA:123,6,0,42
BRDA:123,7,0,127
BRDA:123,7,1,55
BRDA:126,8,0,1
BRDA:126,8,1,53
BRDA:129,9,0,2
BRDA:129,9,1,51
BRDA:148,10,0,35
BRDA:148,10,1,80
BRDA:152,11,0,24
BRDA:152,11,1,2
BRF:18
BRH:18
end_of_record
TN:
SF:src\formatter\defaultEntryTemplate.ts
FN:1,defaultEntry
FN:35,(anonymous_1)
FNF:2
FNH:2
FNDA:13,defaultEntry
FNDA:26,(anonymous_1)
DA:1,14
DA:5,13
DA:35,26
LF:3
LH:3
BRF:0
BRH:0
end_of_record
TN:
SF:src\formatter\index.ts
FN:2,(anonymous_5)
FNF:1
FNH:1
FNDA:26,(anonymous_5)
DA:1,14
DA:2,40
LF:2
LH:2
BRF:0
BRH:0
end_of_record
TN:
SF:src\replaceContexts\FileContext.ts
FN:22,(anonymous_0)
FN:43,(anonymous_1)
FN:44,(anonymous_2)
FN:53,(anonymous_3)
FN:58,(anonymous_4)
FN:63,(anonymous_5)
FN:67,(anonymous_6)
FN:71,(anonymous_7)
FN:75,(anonymous_8)
FN:76,(anonymous_9)
FN:77,(anonymous_10)
FNF:11
FNH:11
FNDA:13,(anonymous_0)
FNDA:13,(anonymous_1)
FNDA:107,(anonymous_2)
FNDA:127,(anonymous_3)
FNDA:127,(anonymous_4)
FNDA:12,(anonymous_5)
FNDA:7,(anonymous_6)
FNDA:13,(anonymous_7)
FNDA:13,(anonymous_8)
FNDA:13,(anonymous_9)
FNDA:13,(anonymous_10)
DA:3,14
DA:5,14
DA:6,14
DA:8,14
DA:13,13
DA:20,13
DA:33,13
DA:38,13
DA:39,13
DA:40,13
DA:44,107
DA:45,13
DA:46,2
DA:47,2
DA:50,11
DA:54,127
DA:58,127
DA:59,127
DA:64,12
DA:68,7
DA:72,13
DA:76,13
DA:77,13
DA:78,13
DA:80,13
DA:81,12
DA:85,12
DA:86,12
DA:88,13
DA:89,12
DA:92,1
DA:93,1
DA:94,1
DA:95,1
DA:96,1
DA:97,2
DA:98,1
DA:100,1
DA:102,1
DA:103,1
DA:111,0
LF:41
LH:40
BRDA:45,0,0,2
BRDA:54,1,0,114
BRDA:54,1,1,13
BRDA:54,2,0,127
BRDA:54,2,1,127
BRDA:80,3,0,12
BRDA:88,4,0,12
BRDA:88,5,0,12
BRDA:88,5,1,1
BRDA:88,6,0,13
BRDA:88,6,1,13
BRDA:92,7,0,1
BRDA:92,7,1,0
BRDA:94,8,0,0
BRDA:94,8,1,1
BRDA:94,9,0,1
BRDA:94,9,1,1
BRDA:95,10,0,0
BRDA:95,10,1,1
BRDA:95,11,0,1
BRDA:95,11,1,1
BRDA:97,12,0,1
BRDA:97,13,0,0
BRDA:97,13,1,2
BRDA:97,14,0,2
BRDA:97,14,1,2
BRDA:102,15,0,1
BRDA:112,16,0,0
BRDA:112,16,1,0
BRDA:112,17,0,0
BRDA:112,17,1,0
BRDA:113,18,0,0
BRDA:113,18,1,0
BRDA:113,19,0,0
BRDA:113,19,1,0
BRF:35
BRH:23
end_of_record
TN:
SF:src\replaceContexts\JsxChildContext.ts
FN:5,(anonymous_0)
FN:15,(anonymous_1)
FN:16,(anonymous_2)
FN:29,(anonymous_3)
FNF:4
FNH:4
FNDA:62,(anonymous_0)
FNDA:62,(anonymous_1)
FNDA:23,(anonymous_2)
FNDA:18,(anonymous_3)
DA:2,14
DA:4,14
DA:11,62
DA:12,62
DA:16,62
DA:17,23
DA:18,23
DA:20,0
DA:23,62
DA:24,36
DA:25,36
DA:28,26
DA:29,26
DA:30,18
DA:31,9
DA:33,9
DA:35,18
DA:38,26
LF:18
LH:17
BRDA:17,0,0,23
BRDA:17,1,0,23
BRDA:17,1,1,23
BRDA:23,2,0,36
BRDA:30,3,0,9
BRDA:30,3,1,9
BRF:6
BRH:6
end_of_record
TN:
SF:src\replaceContexts\JsxExpressionContext.ts
FN:3,(anonymous_0)
FN:4,(anonymous_1)
FNF:2
FNH:2
FNDA:47,(anonymous_0)
FNDA:47,(anonymous_1)
DA:1,14
DA:3,14
DA:5,47
DA:8,47
LF:4
LH:4
BRF:0
BRH:0
end_of_record
TN:
SF:src\replaceContexts\JsxTagContext.ts
FN:5,(anonymous_0)
FN:8,(anonymous_1)
FN:22,(anonymous_2)
FN:26,(anonymous_3)
FNF:4
FNH:4
FNDA:124,(anonymous_0)
FNDA:124,(anonymous_1)
FNDA:124,(anonymous_2)
FNDA:63,(anonymous_3)
DA:1,14
DA:2,14
DA:3,14
DA:5,14
DA:6,124
DA:9,124
DA:10,124
DA:14,233
DA:17,124
DA:18,18
DA:23,124
DA:24,39
DA:25,39
DA:26,39
DA:27,63
DA:28,1
DA:30,62
DA:37,62
DA:38,62
DA:39,62
DA:41,62
DA:42,62
DA:44,39
DA:45,39
DA:46,39
DA:47,47
DA:48,47
DA:52,24
DA:53,24
DA:54,24
DA:57,23
DA:60,39
DA:61,39
DA:62,39
DA:65,124
LF:35
LH:35
BRDA:11,0,0,357
BRDA:11,0,1,251
BRDA:14,1,0,233
BRDA:14,1,1,106
BRDA:17,2,0,18
BRDA:23,3,0,39
BRDA:27,4,0,1
BRDA:38,5,0,62
BRDA:48,6,0,24
BRDA:49,7,0,47
BRDA:49,7,1,26
BRDA:49,7,2,26
BRF:12
BRH:12
end_of_record
TN:
SF:src\replaceContexts\NewImportContext.ts
FN:12,(anonymous_0)
FN:24,(anonymous_1)
FN:40,(anonymous_2)
FNF:3
FNH:3
FNDA:12,(anonymous_0)
FNDA:4,(anonymous_1)
FNDA:12,(anonymous_2)
DA:3,14
DA:11,14
DA:14,12
DA:16,12
DA:19,12
DA:20,12
DA:21,7
DA:24,4
DA:27,12
DA:31,12
DA:33,12
DA:41,12
DA:45,12
DA:46,12
LF:14
LH:14
BRDA:20,0,0,7
BRDA:22,1,0,4
BRDA:22,1,1,3
BRDA:22,2,0,7
BRDA:22,2,1,7
BRDA:22,3,0,3
BRDA:22,3,1,4
BRDA:22,4,0,7
BRDA:22,4,1,7
BRDA:24,5,0,0
BRDA:24,5,1,4
BRDA:24,6,0,4
BRDA:24,6,1,4
BRDA:24,7,0,0
BRDA:24,7,1,4
BRDA:24,8,0,4
BRDA:24,8,1,4
BRDA:27,9,0,6
BRDA:27,9,1,6
BRDA:28,10,0,6
BRDA:28,10,1,0
BRDA:28,11,0,6
BRDA:28,11,1,6
BRF:23
BRH:20
end_of_record
TN:
SF:src\replaceContexts\OldKeyReplaceContext.ts
FN:5,(anonymous_0)
FN:8,(anonymous_1)
FN:12,(anonymous_2)
FNF:3
FNH:3
FNDA:3,(anonymous_0)
FNDA:3,(anonymous_1)
FNDA:424,(anonymous_2)
DA:2,14
DA:4,14
DA:6,3
DA:9,3
DA:17,424
DA:22,9
DA:23,9
DA:24,9
DA:25,0
DA:27,9
DA:28,9
DA:29,6
DA:31,3
DA:38,3
DA:42,3
LF:15
LH:14
BRDA:17,0,0,9
BRDA:18,1,0,424
BRDA:18,1,1,19
BRDA:18,1,2,15
BRDA:19,2,0,0
BRDA:19,2,1,19
BRDA:19,3,0,19
BRDA:19,3,1,19
BRDA:19,4,0,0
BRDA:19,4,1,19
BRDA:19,5,0,19
BRDA:19,5,1,19
BRDA:19,6,0,0
BRDA:19,6,1,19
BRDA:19,7,0,19
BRDA:19,7,1,19
BRDA:19,8,0,0
BRDA:19,8,1,19
BRDA:19,9,0,19
BRDA:19,9,1,19
BRDA:20,10,0,0
BRDA:20,10,1,15
BRDA:20,11,0,15
BRDA:20,11,1,15
BRDA:20,12,0,0
BRDA:20,12,1,15
BRDA:20,13,0,15
BRDA:20,13,1,15
BRDA:20,14,0,0
BRDA:20,14,1,15
BRDA:20,15,0,15
BRDA:20,15,1,15
BRDA:20,16,0,0
BRDA:20,16,1,15
BRDA:20,17,0,15
BRDA:20,17,1,15
BRDA:20,18,0,0
BRDA:20,18,1,15
BRDA:20,19,0,15
BRDA:20,19,1,15
BRDA:23,20,0,0
BRDA:23,20,1,9
BRDA:23,21,0,9
BRDA:23,21,1,9
BRDA:24,22,0,0
BRDA:28,23,0,6
BRF:46
BRH:35
end_of_record
TN:
SF:src\replaceContexts\ReplaceContext.ts
FN:23,(anonymous_1)
FN:52,(anonymous_2)
FN:56,(anonymous_3)
FN:60,(anonymous_4)
FN:64,(anonymous_5)
FN:65,(anonymous_6)
FN:76,(anonymous_7)
FN:79,(anonymous_8)
FN:87,(anonymous_9)
FN:103,(anonymous_10)
FN:106,(anonymous_11)
FN:110,(anonymous_12)
FN:119,(anonymous_13)
FN:126,(anonymous_14)
FN:130,(anonymous_15)
FN:131,(anonymous_16)
FN:147,(anonymous_17)
FN:157,(anonymous_18)
FN:159,(anonymous_19)
FN:167,(anonymous_20)
FNF:20
FNH:20
FNDA:467,(anonymous_1)
FNDA:75,(anonymous_2)
FNDA:14,(anonymous_3)
FNDA:47,(anonymous_4)
FNDA:433,(anonymous_5)
FNDA:344,(anonymous_6)
FNDA:95,(anonymous_7)
FNDA:47,(anonymous_8)
FNDA:70,(anonymous_9)
FNDA:364,(anonymous_10)
FNDA:350,(anonymous_11)
FNDA:424,(anonymous_12)
FNDA:425,(anonymous_13)
FNDA:1282,(anonymous_14)
FNDA:1702,(anonymous_15)
FNDA:11914,(anonymous_16)
FNDA:433,(anonymous_17)
FNDA:168,(anonymous_18)
FNDA:412,(anonymous_19)
FNDA:420,(anonymous_20)
DA:1,14
DA:2,14
DA:3,14
DA:12,14
DA:13,467
DA:14,467
DA:15,467
DA:36,467
DA:37,467
DA:38,454
DA:39,13
DA:40,13
DA:42,0
DA:44,467
DA:45,467
DA:46,467
DA:48,467
DA:49,467
DA:53,75
DA:57,14
DA:61,47
DA:65,433
DA:66,433
DA:67,433
DA:68,229
DA:69,0
DA:79,47
DA:81,95
DA:82,95
DA:84,95
DA:88,70
DA:89,70
DA:90,66
DA:92,66
DA:93,66
DA:96,70
DA:100,95
DA:106,350
DA:108,364
DA:109,364
DA:110,364
DA:111,424
DA:112,424
DA:113,424
DA:115,364
DA:116,364
DA:120,425
DA:121,425
DA:122,425
DA:123,425
DA:130,1282
DA:131,1702
DA:132,11914
DA:134,1702
DA:135,0
DA:137,1702
DA:138,1702
DA:140,765
DA:141,765
DA:143,937
DA:148,433
DA:149,433
DA:150,345
DA:153,433
DA:154,433
DA:155,433
DA:156,433
DA:157,168
DA:159,433
DA:160,412
DA:164,433
LF:71
LH:68
BRDA:37,0,0,454
BRDA:37,0,1,13
BRDA:39,1,0,13
BRDA:39,1,1,0
BRDA:48,2,0,135
BRDA:48,2,1,332
BRDA:48,3,0,467
BRDA:48,3,1,467
BRDA:66,4,0,0
BRDA:66,4,1,433
BRDA:66,5,0,433
BRDA:66,5,1,433
BRDA:68,6,0,0
BRDA:79,7,0,33
BRDA:89,8,0,66
BRDA:106,9,0,265
BRDA:134,10,0,0
BRDA:138,11,0,765
BRDA:149,12,0,345
BRDA:157,13,0,433
BRDA:157,13,1,271
BRDA:159,14,0,0
BRDA:159,14,1,433
BRDA:159,15,0,433
BRDA:159,15,1,433
BRF:25
BRH:20
end_of_record
TN:
SF:src\replaceContexts\StringLiteralContext.ts
FN:5,(anonymous_0)
FN:9,(anonymous_1)
FNF:2
FNH:2
FNDA:78,(anonymous_0)
FNDA:78,(anonymous_1)
DA:1,14
DA:2,14
DA:4,14
DA:6,78
DA:10,78
DA:12,78
DA:17,78
DA:18,7
DA:21,78
LF:9
LH:9
BRDA:17,0,0,7
BRF:1
BRH:1
end_of_record
TN:
SF:src\replaceContexts\TemplateExpressionContext.ts
FN:4,(anonymous_0)
FNF:1
FNH:1
FNDA:47,(anonymous_0)
DA:1,14
DA:3,14
DA:5,47
DA:11,14
DA:12,14
LF:5
LH:5
BRF:0
BRH:0
end_of_record
TN:
SF:src\replaceContexts\TemplateStringContext.ts
FN:5,(anonymous_0)
FN:14,(anonymous_1)
FNF:2
FNH:2
FNDA:33,(anonymous_0)
FNDA:4,(anonymous_1)
DA:1,14
DA:2,14
DA:4,14
DA:6,33
DA:10,33
DA:11,4
DA:15,4
DA:19,4
DA:21,29
DA:22,29
LF:10
LH:10
BRDA:10,0,0,4
BRF:1
BRH:1
end_of_record
TN:
SF:src\replaceContexts\TextInsertContext.ts
FN:5,(anonymous_0)
FN:18,(anonymous_1)
FN:29,(anonymous_2)
FNF:3
FNH:3
FNDA:48,(anonymous_0)
FNDA:1,(anonymous_1)
FNDA:14,(anonymous_2)
DA:1,14
DA:4,14
DA:9,48
DA:11,48
DA:24,1
DA:25,1
DA:26,1
DA:30,14
DA:31,14
LF:9
LH:9
BRF:0
BRH:0
end_of_record
TN:
SF:src\replaceContexts\index.ts
FNF:0
FNH:0
DA:1,14
DA:2,14
DA:3,14
DA:4,14
DA:5,14
DA:6,14
DA:7,14
DA:8,14
DA:9,14
LF:9
LH:9
BRF:0
BRH:0
end_of_record
TN:
SF:src\tsNodeHandlers\IdentifierHandler.ts
FN:11,(anonymous_0)
FN:15,(anonymous_1)
FNF:2
FNH:2
FNDA:1702,(anonymous_0)
FNDA:424,(anonymous_1)
DA:2,14
DA:4,14
DA:10,14
DA:12,1702
DA:20,424
DA:25,3
DA:33,424
LF:7
LH:7
BRDA:20,0,0,3
BRDA:21,1,0,424
BRDA:21,1,1,414
BRDA:21,1,2,3
BRF:4
BRH:4
end_of_record
TN:
SF:src\tsNodeHandlers\ImportHandler.ts
FN:7,(anonymous_0)
FN:11,(anonymous_1)
FNF:2
FNH:2
FNDA:1702,(anonymous_0)
FNDA:12,(anonymous_1)
DA:2,14
DA:6,14
DA:8,1702
DA:12,12
DA:13,12
LF:5
LH:5
BRF:0
BRH:0
end_of_record
TN:
SF:src\tsNodeHandlers\JsxExpressionHandler.ts
FN:7,(anonymous_0)
FN:11,(anonymous_1)
FNF:2
FNH:2
FNDA:1702,(anonymous_0)
FNDA:47,(anonymous_1)
DA:1,14
DA:4,14
DA:6,14
DA:8,1702
DA:16,47
DA:23,47
LF:6
LH:6
BRF:0
BRH:0
end_of_record
TN:
SF:src\tsNodeHandlers\JsxTagHandler.ts
FN:7,(anonymous_0)
FN:19,(anonymous_1)
FNF:2
FNH:2
FNDA:1702,(anonymous_0)
FNDA:124,(anonymous_1)
DA:1,14
DA:4,14
DA:6,14
DA:8,1702
DA:24,124
DA:31,124
DA:32,124
DA:34,124
DA:35,39
DA:37,124
LF:10
LH:10
BRDA:31,0,0,124
BRDA:34,1,0,39
BRF:2
BRH:2
end_of_record
TN:
SF:src\tsNodeHandlers\StringLikeNodesHandler.ts
FN:13,(anonymous_0)
FN:76,(anonymous_1)
FN:88,(anonymous_2)
FN:99,(anonymous_3)
FNF:4
FNH:4
FNDA:1702,(anonymous_0)
FNDA:78,(anonymous_1)
FNDA:93,(anonymous_2)
FNDA:97,(anonymous_3)
DA:1,14
DA:8,14
DA:12,14
DA:14,1702
DA:19,1563
DA:22,139
DA:23,29
DA:25,110
DA:26,0
DA:29,110
DA:30,4
DA:33,106
DA:34,100
DA:35,3
DA:38,97
DA:42,6
DA:51,6
DA:55,97
DA:60,9
DA:62,88
DA:67,6
DA:70,82
DA:71,4
DA:73,78
DA:77,78
DA:84,78
DA:85,78
DA:89,93
DA:93,2
DA:94,2
DA:96,91
DA:100,97
DA:101,4
DA:103,4
DA:108,93
LF:35
LH:34
BRDA:14,0,0,1563
BRDA:22,1,0,29
BRDA:25,2,0,0
BRDA:25,3,0,0
BRDA:25,3,1,110
BRDA:25,4,0,110
BRDA:25,4,1,110
BRDA:29,5,0,4
BRDA:29,6,0,110
BRDA:29,6,1,110
BRDA:33,7,0,100
BRDA:34,8,0,3
BRDA:38,9,0,6
BRDA:39,10,0,97
BRDA:39,10,1,93
BRDA:55,11,0,9
BRDA:56,12,0,97
BRDA:56,12,1,15
BRDA:56,12,2,9
BRDA:56,13,0,0
BRDA:56,13,1,97
BRDA:56,14,0,97
BRDA:56,14,1,97
BRDA:58,15,0,0
BRDA:58,15,1,9
BRDA:58,16,0,9
BRDA:58,16,1,9
BRDA:58,17,0,0
BRDA:58,17,1,9
BRDA:58,18,0,9
BRDA:58,18,1,9
BRDA:58,19,0,0
BRDA:58,19,1,9
BRDA:58,20,0,9
BRDA:58,20,1,9
BRDA:58,21,0,0
BRDA:58,21,1,9
BRDA:58,22,0,9
BRDA:58,22,1,9
BRDA:62,23,0,6
BRDA:63,24,0,88
BRDA:63,24,1,17
BRDA:63,24,2,6
BRDA:63,25,0,0
BRDA:63,25,1,88
BRDA:63,26,0,88
BRDA:63,26,1,88
BRDA:65,27,0,0
BRDA:65,27,1,6
BRDA:65,28,0,6
BRDA:65,28,1,6
BRDA:65,29,0,0
BRDA:65,29,1,6
BRDA:65,30,0,6
BRDA:65,30,1,6
BRDA:65,31,0,0
BRDA:65,31,1,6
BRDA:65,32,0,6
BRDA:65,32,1,6
BRDA:65,33,0,0
BRDA:65,33,1,6
BRDA:65,34,0,6
BRDA:65,34,1,6
BRDA:70,35,0,4
BRDA:70,36,0,0
BRDA:70,36,1,82
BRDA:70,37,0,82
BRDA:70,37,1,82
BRDA:70,38,0,0
BRDA:70,38,1,82
BRDA:70,39,0,82
BRDA:70,39,1,82
BRDA:89,40,0,2
BRDA:90,41,0,93
BRDA:90,41,1,6
BRDA:90,42,0,0
BRDA:90,42,1,93
BRDA:90,43,0,93
BRDA:90,43,1,93
BRDA:91,44,0,0
BRDA:91,44,1,6
BRDA:91,45,0,6
BRDA:91,45,1,6
BRDA:91,46,0,0
BRDA:91,46,1,6
BRDA:91,47,0,6
BRDA:91,47,1,6
BRDA:93,48,0,0
BRDA:93,48,1,2
BRDA:93,49,0,2
BRDA:93,49,1,2
BRDA:93,50,0,0
BRDA:93,50,1,2
BRDA:93,51,0,2
BRDA:93,51,1,2
BRDA:100,52,0,4
BRDA:100,53,0,0
BRDA:100,53,1,97
BRDA:100,54,0,97
BRDA:100,54,1,97
BRDA:104,55,0,4
BRDA:104,55,1,4
BRF:102
BRH:82
end_of_record
TN:
SF:src\tsNodeHandlers\TemplateHandler.ts
FN:7,(anonymous_0)
FN:11,(anonymous_1)
FNF:2
FNH:2
FNDA:1702,(anonymous_0)
FNDA:33,(anonymous_1)
DA:3,14
DA:4,14
DA:6,14
DA:8,1702
DA:12,33
DA:19,33
LF:6
LH:6
BRF:0
BRH:0
end_of_record
TN:
SF:src\tsNodeHandlers\TemplateSpanHandler.ts
FN:6,(anonymous_0)
FN:10,(anonymous_1)
FNF:2
FNH:2
FNDA:1702,(anonymous_0)
FNDA:47,(anonymous_1)
DA:3,14
DA:4,14
DA:5,14
DA:7,1702
DA:11,47
DA:13,47
DA:18,47
DA:20,47
DA:27,47
LF:9
LH:9
BRF:0
BRH:0
end_of_record
TN:
SF:src\tsNodeHandlers\index.ts
FNF:0
FNH:0
DA:1,14
DA:2,14
DA:3,14
DA:4,14
DA:5,14
DA:6,14
DA:7,14
DA:10,14
DA:19,14
LF:9
LH:9
BRF:0
BRH:0
end_of_record
